<?xml version="1.0" encoding="UTF-8"?>
<!-- Generated by org.testng.reporters.JUnitReportReporter -->
<testsuite hostname="Naveens-MacBook-Air.local" failures="0" tests="1" name="ujetix.admin.Test1" time="0.010" errors="0" timestamp="2023-05-30T16:52:29 IST" skipped="0">
  <testcase classname="ujetix.admin.Test1" name="testing" time="0.010"/>
  <system-out/>
</testsuite> <!-- ujetix.admin.Test1 -->
